<?xml version="1.0" encoding="UTF-8"?>
<testsuite xmlns:xsi="http://www.w3.org/2001/XMLSchema-instance" xsi:noNamespaceSchemaLocation="https://maven.apache.org/surefire/maven-surefire-plugin/xsd/surefire-test-report.xsd" version="3.0.2" name="ucu.edu.aed.implementaciones.TDAColaImplTest" time="0.02" tests="7" errors="0" skipped="0" failures="0">
  <properties>
[...]
</properties>
  <testcase name="testPoneEnColaUnSoloElemento" classname="ucu.edu.aed.implementaciones.TDAColaImplTest" time="0.0"/>
  <testcase name="testQuitaDeColaDevuelveEnOrdenFifo" classname="ucu.edu.aed.implementaciones.TDAColaImplTest" time="0.0"/>
  <testcase name="testFrenteConColaVaciaLanzaExcepcion" classname="ucu.edu.aed.implementaciones.TDAColaImplTest" time="0.0"/>
  <testcase name="testQuitaDeColaConColaVaciaLanzaExcepcion" classname="ucu.edu.aed.implementaciones.TDAColaImplTest" time="0.0"/>
  <testcase name="testColaNuevaEsVacia" classname="ucu.edu.aed.implementaciones.TDAColaImplTest" time="0.002"/>
  <testcase name="testPoneEnColaDevuelveTrue" classname="ucu.edu.aed.implementaciones.TDAColaImplTest" time="0.0"/>
  <testcase name="testPoneEnColaYFrente" classname="ucu.edu.aed.implementaciones.TDAColaImplTest" time="0.001"/>
</testsuite>